# JRE version: OpenJDK Runtime Environment (17.0.6) (build 17.0.6+0-b2043.56-9586694)
# Java VM: OpenJDK 64-Bit Server VM (17.0.6+0-b2043.56-9586694, mixed mode, tiered, compressed oops, compressed class ptrs, g1 gc, windows-amd64)
GC Precious Log:
 CPUs: 4 total, 4 available
 Memory: 16259M
 Large Page Support: Disabled
 NUMA Support: Disabled
 Compressed Oops: Enabled (32-bit)
 Heap Region Size: 1M
 Heap Min Capacity: 8M
 Heap Initial Capacity: 256M
 Heap Max Capacity: 2G
 Pre-touch: Disabled
 Parallel Workers: 4
 Concurrent Workers: 1
 Concurrent Refinement Workers: 4
 Periodic GC: Disabled
Heap:
 garbage-first heap   total 262144K, used 113993K [0x0000000080000000, 0x0000000100000000)
  region size 1024K, 3 young (3072K), 3 survivors (3072K)
 Metaspace       used 99734K, committed 100416K, reserved 1138688K
  class space    used 13444K, committed 13760K, reserved 1048576K
GC Heap History (20 events):
Event: 12.757 GC heap after
{Heap after GC invocations=30 (full 0):
 garbage-first heap   total 106496K, used 53466K [0x0000000080000000, 0x0000000100000000)
  region size 1024K, 1 young (1024K), 1 survivors (1024K)
 Metaspace       used 69741K, committed 70336K, reserved 1114112K
  class space    used 9183K, committed 9472K, reserved 1048576K
}
Event: 13.151 GC heap before
{Heap before GC invocations=30 (full 0):
 garbage-first heap   total 106496K, used 78042K [0x0000000080000000, 0x0000000100000000)
  region size 1024K, 26 young (26624K), 1 survivors (1024K)
 Metaspace       used 71796K, committed 72384K, reserved 1114112K
  class space    used 9448K, committed 9728K, reserved 1048576K
}
Event: 13.155 GC heap after
{Heap after GC invocations=31 (full 0):
 garbage-first heap   total 204800K, used 55187K [0x0000000080000000, 0x0000000100000000)
  region size 1024K, 3 young (3072K), 3 survivors (3072K)
 Metaspace       used 71796K, committed 72384K, reserved 1114112K
  class space    used 9448K, committed 9728K, reserved 1048576K
}
Event: 14.227 GC heap before
{Heap before GC invocations=32 (full 0):
 garbage-first heap   total 198656K, used 129939K [0x0000000080000000, 0x0000000100000000)
  region size 1024K, 75 young (76800K), 3 survivors (3072K)
 Metaspace       used 75781K, committed 76352K, reserved 1122304K
  class space    used 10058K, committed 10304K, reserved 1048576K
}
Event: 14.238 GC heap after
{Heap after GC invocations=33 (full 0):
 garbage-first heap   total 198656K, used 60449K [0x0000000080000000, 0x0000000100000000)
  region size 1024K, 8 young (8192K), 8 survivors (8192K)
 Metaspace       used 75781K, committed 76352K, reserved 1122304K
  class space    used 10058K, committed 10304K, reserved 1048576K
}
Event: 14.258 GC heap before
{Heap before GC invocations=33 (full 0):
 garbage-first heap   total 198656K, used 61473K [0x0000000080000000, 0x0000000100000000)
  region size 1024K, 9 young (9216K), 8 survivors (8192K)
 Metaspace       used 75915K, committed 76544K, reserved 1122304K
  class space    used 10086K, committed 10368K, reserved 1048576K
}
Event: 14.268 GC heap after
{Heap after GC invocations=34 (full 0):
 garbage-first heap   total 198656K, used 61200K [0x0000000080000000, 0x0000000100000000)
  region size 1024K, 1 young (1024K), 1 survivors (1024K)
 Metaspace       used 75915K, committed 76544K, reserved 1122304K
  class space    used 10086K, committed 10368K, reserved 1048576K
}
Event: 15.460 GC heap before
{Heap before GC invocations=34 (full 0):
 garbage-first heap   total 198656K, used 143120K [0x0000000080000000, 0x0000000100000000)
  region size 1024K, 81 young (82944K), 1 survivors (1024K)
 Metaspace       used 81541K, committed 82112K, reserved 1122304K
  class space    used 11021K, committed 11264K, reserved 1048576K
}
Event: 15.473 GC heap after
{Heap after GC invocations=35 (full 0):
 garbage-first heap   total 198656K, used 66912K [0x0000000080000000, 0x0000000100000000)
  region size 1024K, 7 young (7168K), 7 survivors (7168K)
 Metaspace       used 81541K, committed 82112K, reserved 1122304K
  class space    used 11021K, committed 11264K, reserved 1048576K
}
Event: 19.197 GC heap before
{Heap before GC invocations=35 (full 0):
 garbage-first heap   total 198656K, used 147808K [0x0000000080000000, 0x0000000100000000)
  region size 1024K, 86 young (88064K), 7 survivors (7168K)
 Metaspace       used 87810K, committed 88448K, reserved 1130496K
  class space    used 11930K, committed 12224K, reserved 1048576K
}
Event: 19.215 GC heap after
{Heap after GC invocations=36 (full 0):
 garbage-first heap   total 198656K, used 75916K [0x0000000080000000, 0x0000000100000000)
  region size 1024K, 9 young (9216K), 9 survivors (9216K)
 Metaspace       used 87810K, committed 88448K, reserved 1130496K
  class space    used 11930K, committed 12224K, reserved 1048576K
}
Event: 20.822 GC heap before
{Heap before GC invocations=36 (full 0):
 garbage-first heap   total 198656K, used 149644K [0x0000000080000000, 0x0000000100000000)
  region size 1024K, 82 young (83968K), 9 survivors (9216K)
 Metaspace       used 90413K, committed 91136K, reserved 1130496K
  class space    used 12388K, committed 12736K, reserved 1048576K
}
Event: 20.840 GC heap after
{Heap after GC invocations=37 (full 0):
 garbage-first heap   total 198656K, used 83968K [0x0000000080000000, 0x0000000100000000)
  region size 1024K, 8 young (8192K), 8 survivors (8192K)
 Metaspace       used 90413K, committed 91136K, reserved 1130496K
  class space    used 12388K, committed 12736K, reserved 1048576K
}
Event: 22.221 GC heap before
{Heap before GC invocations=37 (full 0):
 garbage-first heap   total 198656K, used 154624K [0x0000000080000000, 0x0000000100000000)
  region size 1024K, 76 young (77824K), 8 survivors (8192K)
 Metaspace       used 94659K, committed 95296K, reserved 1138688K
  class space    used 12873K, committed 13184K, reserved 1048576K
}
Event: 22.243 GC heap after
{Heap after GC invocations=38 (full 0):
 garbage-first heap   total 198656K, used 102130K [0x0000000080000000, 0x0000000100000000)
  region size 1024K, 10 young (10240K), 10 survivors (10240K)
 Metaspace       used 94659K, committed 95296K, reserved 1138688K
  class space    used 12873K, committed 13184K, reserved 1048576K
}
Event: 23.206 GC heap before
{Heap before GC invocations=38 (full 0):
 garbage-first heap   total 198656K, used 164594K [0x0000000080000000, 0x0000000100000000)
  region size 1024K, 55 young (56320K), 10 survivors (10240K)
 Metaspace       used 97560K, committed 98176K, reserved 1138688K
  class space    used 13171K, committed 13440K, reserved 1048576K
}
Event: 23.226 GC heap after
{Heap after GC invocations=39 (full 0):
 garbage-first heap   total 198656K, used 107451K [0x0000000080000000, 0x0000000100000000)
  region size 1024K, 5 young (5120K), 5 survivors (5120K)
 Metaspace       used 97560K, committed 98176K, reserved 1138688K
  class space    used 13171K, committed 13440K, reserved 1048576K
}
Event: 24.022 GC heap before
{Heap before GC invocations=39 (full 0):
 garbage-first heap   total 198656K, used 151483K [0x0000000080000000, 0x0000000100000000)
  region size 1024K, 49 young (50176K), 5 survivors (5120K)
 Metaspace       used 97957K, committed 98624K, reserved 1138688K
  class space    used 13193K, committed 13504K, reserved 1048576K
}
Event: 24.041 GC heap after
{Heap after GC invocations=40 (full 0):
 garbage-first heap   total 198656K, used 111616K [0x0000000080000000, 0x0000000100000000)
  region size 1024K, 4 young (4096K), 4 survivors (4096K)
 Metaspace       used 97957K, committed 98624K, reserved 1138688K
  class space    used 13193K, committed 13504K, reserved 1048576K
}
Event: 24.692 GC heap before
{Heap before GC invocations=40 (full 0):
 garbage-first heap   total 198656K, used 154624K [0x0000000080000000, 0x0000000100000000)
  region size 1024K, 47 young (48128K), 4 survivors (4096K)
 Metaspace       used 99734K, committed 100416K, reserved 1138688K
  class space    used 13444K, committed 13760K, reserved 1048576K
}

