# JRE version: OpenJDK Runtime Environment (17.0.6) (build 17.0.6+0-b2043.56-9586694)
# Java VM: OpenJDK 64-Bit Server VM (17.0.6+0-b2043.56-9586694, mixed mode, tiered, compressed oops, compressed class ptrs, g1 gc, windows-amd64)
GC Precious Log:
 CPUs: 4 total, 4 available
 Memory: 16259M
 Large Page Support: Disabled
 NUMA Support: Disabled
 Compressed Oops: Enabled (32-bit)
 Heap Region Size: 1M
 Heap Min Capacity: 8M
 Heap Initial Capacity: 256M
 Heap Max Capacity: 2G
 Pre-touch: Disabled
 Parallel Workers: 4
 Concurrent Workers: 1
 Concurrent Refinement Workers: 4
 Periodic GC: Disabled
Heap:
 garbage-first heap   total 262144K, used 166841K [0x0000000080000000, 0x0000000100000000)
  region size 1024K, 7 young (7168K), 4 survivors (4096K)
 Metaspace       used 80728K, committed 81408K, reserved 1122304K
  class space    used 11043K, committed 11328K, reserved 1048576K
GC Heap History (20 events):
Event: 9.028 GC heap before
{Heap before GC invocations=32 (full 0):
 garbage-first heap   total 186368K, used 137284K [0x0000000080000000, 0x0000000100000000)
  region size 1024K, 36 young (36864K), 4 survivors (4096K)
 Metaspace       used 58258K, committed 58880K, reserved 1105920K
  class space    used 7783K, committed 8064K, reserved 1048576K
}
Event: 9.034 GC heap after
{Heap after GC invocations=33 (full 0):
 garbage-first heap   total 186368K, used 110482K [0x0000000080000000, 0x0000000100000000)
  region size 1024K, 5 young (5120K), 5 survivors (5120K)
 Metaspace       used 58258K, committed 58880K, reserved 1105920K
  class space    used 7783K, committed 8064K, reserved 1048576K
}
Event: 9.704 GC heap before
{Heap before GC invocations=33 (full 0):
 garbage-first heap   total 186368K, used 145298K [0x0000000080000000, 0x0000000100000000)
  region size 1024K, 39 young (39936K), 5 survivors (5120K)
 Metaspace       used 64939K, committed 65600K, reserved 1105920K
  class space    used 8636K, committed 8960K, reserved 1048576K
}
Event: 9.711 GC heap after
{Heap after GC invocations=34 (full 0):
 garbage-first heap   total 186368K, used 113267K [0x0000000080000000, 0x0000000100000000)
  region size 1024K, 3 young (3072K), 3 survivors (3072K)
 Metaspace       used 64939K, committed 65600K, reserved 1105920K
  class space    used 8636K, committed 8960K, reserved 1048576K
}
Event: 9.845 GC heap before
{Heap before GC invocations=35 (full 0):
 garbage-first heap   total 209920K, used 128627K [0x0000000080000000, 0x0000000100000000)
  region size 1024K, 14 young (14336K), 3 survivors (3072K)
 Metaspace       used 64995K, committed 65664K, reserved 1105920K
  class space    used 8642K, committed 8960K, reserved 1048576K
}
Event: 9.852 GC heap after
{Heap after GC invocations=36 (full 0):
 garbage-first heap   total 209920K, used 119703K [0x0000000080000000, 0x0000000100000000)
  region size 1024K, 5 young (5120K), 5 survivors (5120K)
 Metaspace       used 64995K, committed 65664K, reserved 1105920K
  class space    used 8642K, committed 8960K, reserved 1048576K
}
Event: 11.196 GC heap before
{Heap before GC invocations=37 (full 0):
 garbage-first heap   total 209920K, used 162711K [0x0000000080000000, 0x0000000100000000)
  region size 1024K, 46 young (47104K), 5 survivors (5120K)
 Metaspace       used 68843K, committed 69568K, reserved 1114112K
  class space    used 9139K, committed 9472K, reserved 1048576K
}
Event: 11.204 GC heap after
{Heap after GC invocations=38 (full 0):
 garbage-first heap   total 209920K, used 117752K [0x0000000080000000, 0x0000000100000000)
  region size 1024K, 6 young (6144K), 6 survivors (6144K)
 Metaspace       used 68843K, committed 69568K, reserved 1114112K
  class space    used 9139K, committed 9472K, reserved 1048576K
}
Event: 11.253 GC heap before
{Heap before GC invocations=38 (full 0):
 garbage-first heap   total 209920K, used 119800K [0x0000000080000000, 0x0000000100000000)
  region size 1024K, 9 young (9216K), 6 survivors (6144K)
 Metaspace       used 69122K, committed 69760K, reserved 1114112K
  class space    used 9159K, committed 9472K, reserved 1048576K
}
Event: 11.258 GC heap after
{Heap after GC invocations=39 (full 0):
 garbage-first heap   total 209920K, used 118407K [0x0000000080000000, 0x0000000100000000)
  region size 1024K, 4 young (4096K), 4 survivors (4096K)
 Metaspace       used 69122K, committed 69760K, reserved 1114112K
  class space    used 9159K, committed 9472K, reserved 1048576K
}
Event: 11.807 GC heap before
{Heap before GC invocations=40 (full 0):
 garbage-first heap   total 209920K, used 167559K [0x0000000080000000, 0x0000000100000000)
  region size 1024K, 51 young (52224K), 4 survivors (4096K)
 Metaspace       used 70183K, committed 70848K, reserved 1114112K
  class space    used 9330K, committed 9664K, reserved 1048576K
}
Event: 11.814 GC heap after
{Heap after GC invocations=41 (full 0):
 garbage-first heap   total 209920K, used 121444K [0x0000000080000000, 0x0000000100000000)
  region size 1024K, 7 young (7168K), 7 survivors (7168K)
 Metaspace       used 70183K, committed 70848K, reserved 1114112K
  class space    used 9330K, committed 9664K, reserved 1048576K
}
Event: 12.730 GC heap before
{Heap before GC invocations=41 (full 0):
 garbage-first heap   total 209920K, used 170596K [0x0000000080000000, 0x0000000100000000)
  region size 1024K, 55 young (56320K), 7 survivors (7168K)
 Metaspace       used 75876K, committed 76544K, reserved 1122304K
  class space    used 10316K, committed 10624K, reserved 1048576K
}
Event: 12.740 GC heap after
{Heap after GC invocations=42 (full 0):
 garbage-first heap   total 209920K, used 124787K [0x0000000080000000, 0x0000000100000000)
  region size 1024K, 7 young (7168K), 7 survivors (7168K)
 Metaspace       used 75876K, committed 76544K, reserved 1122304K
  class space    used 10316K, committed 10624K, reserved 1048576K
}
Event: 13.365 GC heap before
{Heap before GC invocations=43 (full 0):
 garbage-first heap   total 222208K, used 177011K [0x0000000080000000, 0x0000000100000000)
  region size 1024K, 53 young (54272K), 7 survivors (7168K)
 Metaspace       used 77954K, committed 78656K, reserved 1122304K
  class space    used 10616K, committed 10944K, reserved 1048576K
}
Event: 13.387 GC heap after
{Heap after GC invocations=44 (full 0):
 garbage-first heap   total 222208K, used 134844K [0x0000000080000000, 0x0000000100000000)
  region size 1024K, 7 young (7168K), 7 survivors (7168K)
 Metaspace       used 77954K, committed 78656K, reserved 1122304K
  class space    used 10616K, committed 10944K, reserved 1048576K
}
Event: 13.444 GC heap before
{Heap before GC invocations=44 (full 0):
 garbage-first heap   total 222208K, used 161468K [0x0000000080000000, 0x0000000100000000)
  region size 1024K, 10 young (10240K), 7 survivors (7168K)
 Metaspace       used 77954K, committed 78656K, reserved 1122304K
  class space    used 10616K, committed 10944K, reserved 1048576K
}
Event: 13.455 GC heap after
{Heap after GC invocations=45 (full 0):
 garbage-first heap   total 222208K, used 163229K [0x0000000080000000, 0x0000000100000000)
  region size 1024K, 2 young (2048K), 2 survivors (2048K)
 Metaspace       used 77954K, committed 78656K, reserved 1122304K
  class space    used 10616K, committed 10944K, reserved 1048576K
}
Event: 14.005 GC heap before
{Heap before GC invocations=45 (full 0):
 garbage-first heap   total 222208K, used 186781K [0x0000000080000000, 0x0000000100000000)
  region size 1024K, 26 young (26624K), 2 survivors (2048K)
 Metaspace       used 80694K, committed 81408K, reserved 1122304K
  class space    used 11043K, committed 11328K, reserved 1048576K
}
Event: 14.011 GC heap after
{Heap after GC invocations=46 (full 0):
 garbage-first heap   total 222208K, used 165817K [0x0000000080000000, 0x0000000100000000)
  region size 1024K, 4 young (4096K), 4 survivors (4096K)
 Metaspace       used 80694K, committed 81408K, reserved 1122304K
  class space    used 11043K, committed 11328K, reserved 1048576K
}

